<?xml version="1.0" encoding="UTF-8"?>
<testsuite name="belote.ex.business.imp.LobbyServiceTests" tests="4" skipped="0" failures="0" errors="0" timestamp="2024-06-18T11:21:41" hostname="TROY_STATION" time="0.091">
  <properties/>
  <testcase name="testDeleteLobby()" classname="belote.ex.business.imp.LobbyServiceTests" time="0.056"/>
  <testcase name="testGetLobby()" classname="belote.ex.business.imp.LobbyServiceTests" time="0.01"/>
  <testcase name="testCreateLobby()" classname="belote.ex.business.imp.LobbyServiceTests" time="0.011"/>
  <testcase name="testJoinLobby()" classname="belote.ex.business.imp.LobbyServiceTests" time="0.008"/>
  <system-out><![CDATA[13:21:34.234 [Test worker] INFO org.springframework.test.context.support.AnnotationConfigContextLoaderUtils -- Could not detect default configuration classes for test class [belote.ex.business.imp.LobbyServiceTests]: LobbyServiceTests does not declare any static, non-private, non-final, nested classes annotated with @Configuration.
13:21:34.458 [Test worker] INFO org.springframework.boot.test.context.SpringBootTestContextBootstrapper -- Found @SpringBootConfiguration belote.ex.BeloteApp for test class belote.ex.business.imp.LobbyServiceTests

  .   ____          _            __ _ _
 /\\ / ___'_ __ _ _(_)_ __  __ _ \ \ \ \
( ( )\___ | '_ | '_| | '_ \/ _` | \ \ \ \
 \\/  ___)| |_)| | | | | || (_| |  ) ) ) )
  '  |____| .__|_| |_|_| |_\__, | / / / /
 =========|_|==============|___/=/_/_/_/
 :: Spring Boot ::                (v3.2.3)

2024-06-18T13:21:35.176+02:00  INFO 39536 --- [    Test worker] b.ex.business.imp.LobbyServiceTests      : Starting LobbyServiceTests using Java 17.0.10 with PID 39536 (started by georg in C:\Users\georg\OneDrive\Desktop\BeloteBE-GitHub\Belote)
2024-06-18T13:21:35.179+02:00  INFO 39536 --- [    Test worker] b.ex.business.imp.LobbyServiceTests      : No active profile set, falling back to 1 default profile: "default"
2024-06-18T13:21:35.837+02:00  INFO 39536 --- [    Test worker] .s.d.r.c.RepositoryConfigurationDelegate : Bootstrapping Spring Data JPA repositories in DEFAULT mode.
2024-06-18T13:21:35.954+02:00  INFO 39536 --- [    Test worker] .s.d.r.c.RepositoryConfigurationDelegate : Finished Spring Data repository scanning in 104 ms. Found 2 JPA repository interfaces.
2024-06-18T13:21:36.065+02:00  INFO 39536 --- [    Test worker] beddedDataSourceBeanFactoryPostProcessor : Replacing 'dataSource' DataSource bean with embedded version
2024-06-18T13:21:36.401+02:00  INFO 39536 --- [    Test worker] o.s.j.d.e.EmbeddedDatabaseFactory        : Starting embedded database: url='jdbc:h2:mem:641ca688-b051-4f18-a5f2-0a5ca48e47dc;DB_CLOSE_DELAY=-1;DB_CLOSE_ON_EXIT=false', username='sa'
2024-06-18T13:21:37.881+02:00  INFO 39536 --- [    Test worker] o.f.c.internal.license.VersionPrinter    : Flyway Community Edition 9.22.3 by Redgate
2024-06-18T13:21:37.882+02:00  INFO 39536 --- [    Test worker] o.f.c.internal.license.VersionPrinter    : See release notes here: https://rd.gt/416ObMi
2024-06-18T13:21:37.882+02:00  INFO 39536 --- [    Test worker] o.f.c.internal.license.VersionPrinter    : 
2024-06-18T13:21:38.013+02:00  INFO 39536 --- [    Test worker] org.flywaydb.core.FlywayExecutor         : Database: jdbc:mysql://mysql-224ec16c-georgievtroan-6d2a.g.aivencloud.com:19866/beloteDB (MySQL 8.0)
2024-06-18T13:21:38.208+02:00  INFO 39536 --- [    Test worker] o.f.core.internal.command.DbMigrate      : Current version of schema `beloteDB`: 1
2024-06-18T13:21:38.220+02:00  INFO 39536 --- [    Test worker] o.f.core.internal.command.DbMigrate      : Schema `beloteDB` is up to date. No migration necessary.
2024-06-18T13:21:38.405+02:00  INFO 39536 --- [    Test worker] o.hibernate.jpa.internal.util.LogHelper  : HHH000204: Processing PersistenceUnitInfo [name: default]
2024-06-18T13:21:38.537+02:00  INFO 39536 --- [    Test worker] org.hibernate.Version                    : HHH000412: Hibernate ORM core version 6.4.4.Final
2024-06-18T13:21:38.599+02:00  INFO 39536 --- [    Test worker] o.h.c.internal.RegionFactoryInitiator    : HHH000026: Second-level cache disabled
2024-06-18T13:21:38.801+02:00  INFO 39536 --- [    Test worker] o.s.o.j.p.SpringPersistenceUnitInfo      : No LoadTimeWeaver setup: ignoring JPA class transformer
2024-06-18T13:21:40.268+02:00  INFO 39536 --- [    Test worker] o.h.e.t.j.p.i.JtaPlatformInitiator       : HHH000489: No JTA platform available (set 'hibernate.transaction.jta.platform' to enable JTA platform integration)
2024-06-18T13:21:40.275+02:00  INFO 39536 --- [    Test worker] j.LocalContainerEntityManagerFactoryBean : Initialized JPA EntityManagerFactory for persistence unit 'default'
2024-06-18T13:21:40.721+02:00  INFO 39536 --- [    Test worker] o.s.d.j.r.query.QueryEnhancerFactory     : Hibernate is in classpath; If applicable, HQL parser will be used.
2024-06-18T13:21:41.885+02:00  INFO 39536 --- [    Test worker] b.ex.business.imp.LobbyServiceTests      : Started LobbyServiceTests in 7.277 seconds (process running for 16.33)
]]></system-out>
  <system-err><![CDATA[]]></system-err>
</testsuite>
