<?xml version="1.0" encoding="UTF-8"?>
<testsuite name="belote.ex.business.imp.UserServiceTest" tests="5" skipped="0" failures="0" errors="0" timestamp="2024-06-18T11:21:42" hostname="TROY_STATION" time="0.068">
  <properties/>
  <testcase name="testAddUser()" classname="belote.ex.business.imp.UserServiceTest" time="0.014"/>
  <testcase name="testGetAllUsers()" classname="belote.ex.business.imp.UserServiceTest" time="0.013"/>
  <testcase name="testUpdateUser()" classname="belote.ex.business.imp.UserServiceTest" time="0.013"/>
  <testcase name="testGetUser()" classname="belote.ex.business.imp.UserServiceTest" time="0.008"/>
  <testcase name="testDeleteUser()" classname="belote.ex.business.imp.UserServiceTest" time="0.01"/>
  <system-out><![CDATA[2024-06-18T13:21:42.007+02:00  INFO 39536 --- [    Test worker] t.c.s.AnnotationConfigContextLoaderUtils : Could not detect default configuration classes for test class [belote.ex.business.imp.UserServiceTest]: UserServiceTest does not declare any static, non-private, non-final, nested classes annotated with @Configuration.
2024-06-18T13:21:42.027+02:00  INFO 39536 --- [    Test worker] .b.t.c.SpringBootTestContextBootstrapper : Found @SpringBootConfiguration belote.ex.BeloteApp for test class belote.ex.business.imp.UserServiceTest
]]></system-out>
  <system-err><![CDATA[]]></system-err>
</testsuite>
