<?xml version="1.0" encoding="UTF-8"?>
<testsuite name="belote.ex.business.imp.GameServiceTests" tests="13" skipped="0" failures="0" errors="0" timestamp="2024-06-18T11:21:27" hostname="TROY_STATION" time="6.763">
  <properties/>
  <testcase name="testNextPlayer()" classname="belote.ex.business.imp.GameServiceTests" time="2.106"/>
  <testcase name="testPlayCard()" classname="belote.ex.business.imp.GameServiceTests" time="4.549"/>
  <testcase name="endGame()" classname="belote.ex.business.imp.GameServiceTests" time="0.024"/>
  <testcase name="calculateScores()" classname="belote.ex.business.imp.GameServiceTests" time="0.004"/>
  <testcase name="testDealCards()" classname="belote.ex.business.imp.GameServiceTests" time="0.004"/>
  <testcase name="testGetDeck()" classname="belote.ex.business.imp.GameServiceTests" time="0.014"/>
  <testcase name="testPlayableCards1()" classname="belote.ex.business.imp.GameServiceTests" time="0.003"/>
  <testcase name="testPlayableCards2()" classname="belote.ex.business.imp.GameServiceTests" time="0.004"/>
  <testcase name="testPlayableCards3()" classname="belote.ex.business.imp.GameServiceTests" time="0.003"/>
  <testcase name="testPlayableCards4()" classname="belote.ex.business.imp.GameServiceTests" time="0.003"/>
  <testcase name="testShuffleDeck()" classname="belote.ex.business.imp.GameServiceTests" time="0.014"/>
  <testcase name="endRound()" classname="belote.ex.business.imp.GameServiceTests" time="0.011"/>
  <testcase name="testSetFirstPlayer2()" classname="belote.ex.business.imp.GameServiceTests" time="0.003"/>
  <system-out><![CDATA[Hello
]]></system-out>
  <system-err><![CDATA[]]></system-err>
</testsuite>
