<?xml version="1.0" encoding="UTF-8"?>
<testsuite name="belote.ex.controller.UsersControllerTest" tests="6" skipped="0" failures="0" errors="0" timestamp="2024-06-18T11:21:45" hostname="TROY_STATION" time="0.343">
  <properties/>
  <testcase name="loginUser()" classname="belote.ex.controller.UsersControllerTest" time="0.189"/>
  <testcase name="addUser()" classname="belote.ex.controller.UsersControllerTest" time="0.069"/>
  <testcase name="failGetUser()" classname="belote.ex.controller.UsersControllerTest" time="0.029"/>
  <testcase name="getUser()" classname="belote.ex.controller.UsersControllerTest" time="0.012"/>
  <testcase name="deleteUser()" classname="belote.ex.controller.UsersControllerTest" time="0.014"/>
  <testcase name="getUsers()" classname="belote.ex.controller.UsersControllerTest" time="0.023"/>
  <system-out><![CDATA[2024-06-18T13:21:42.277+02:00  INFO 39536 --- [    Test worker] t.c.s.AnnotationConfigContextLoaderUtils : Could not detect default configuration classes for test class [belote.ex.controller.UsersControllerTest]: UsersControllerTest does not declare any static, non-private, non-final, nested classes annotated with @Configuration.
2024-06-18T13:21:42.298+02:00  INFO 39536 --- [    Test worker] .b.t.c.SpringBootTestContextBootstrapper : Found @SpringBootConfiguration belote.ex.BeloteApp for test class belote.ex.controller.UsersControllerTest

  .   ____          _            __ _ _
 /\\ / ___'_ __ _ _(_)_ __  __ _ \ \ \ \
( ( )\___ | '_ | '_| | '_ \/ _` | \ \ \ \
 \\/  ___)| |_)| | | | | || (_| |  ) ) ) )
  '  |____| .__|_| |_|_| |_\__, | / / / /
 =========|_|==============|___/=/_/_/_/
 :: Spring Boot ::                (v3.2.3)

2024-06-18T13:21:42.355+02:00  INFO 39536 --- [    Test worker] b.ex.controller.UsersControllerTest      : Starting UsersControllerTest using Java 17.0.10 with PID 39536 (started by georg in C:\Users\georg\OneDrive\Desktop\BeloteBE-GitHub\Belote)
2024-06-18T13:21:42.356+02:00  INFO 39536 --- [    Test worker] b.ex.controller.UsersControllerTest      : No active profile set, falling back to 1 default profile: "default"
2024-06-18T13:21:42.924+02:00  INFO 39536 --- [    Test worker] .s.d.r.c.RepositoryConfigurationDelegate : Bootstrapping Spring Data JPA repositories in DEFAULT mode.
2024-06-18T13:21:42.951+02:00  INFO 39536 --- [    Test worker] .s.d.r.c.RepositoryConfigurationDelegate : Finished Spring Data repository scanning in 25 ms. Found 2 JPA repository interfaces.
2024-06-18T13:21:43.546+02:00  INFO 39536 --- [    Test worker] org.flywaydb.core.FlywayExecutor         : Database: jdbc:mysql://mysql-224ec16c-georgievtroan-6d2a.g.aivencloud.com:19866/beloteDB (MySQL 8.0)
2024-06-18T13:21:43.695+02:00  INFO 39536 --- [    Test worker] o.f.core.internal.command.DbMigrate      : Current version of schema `beloteDB`: 1
2024-06-18T13:21:43.701+02:00  INFO 39536 --- [    Test worker] o.f.core.internal.command.DbMigrate      : Schema `beloteDB` is up to date. No migration necessary.
2024-06-18T13:21:43.781+02:00  INFO 39536 --- [    Test worker] o.hibernate.jpa.internal.util.LogHelper  : HHH000204: Processing PersistenceUnitInfo [name: default]
2024-06-18T13:21:43.784+02:00  INFO 39536 --- [    Test worker] o.h.c.internal.RegionFactoryInitiator    : HHH000026: Second-level cache disabled
2024-06-18T13:21:43.792+02:00  INFO 39536 --- [    Test worker] o.s.o.j.p.SpringPersistenceUnitInfo      : No LoadTimeWeaver setup: ignoring JPA class transformer
2024-06-18T13:21:43.794+02:00  INFO 39536 --- [    Test worker] com.zaxxer.hikari.HikariDataSource       : HikariPool-1 - Starting...
2024-06-18T13:21:43.889+02:00  INFO 39536 --- [    Test worker] com.zaxxer.hikari.pool.HikariPool        : HikariPool-1 - Added connection com.mysql.cj.jdbc.ConnectionImpl@2055376
2024-06-18T13:21:43.892+02:00  INFO 39536 --- [    Test worker] com.zaxxer.hikari.HikariDataSource       : HikariPool-1 - Start completed.
2024-06-18T13:21:44.050+02:00  INFO 39536 --- [    Test worker] o.h.e.t.j.p.i.JtaPlatformInitiator       : HHH000489: No JTA platform available (set 'hibernate.transaction.jta.platform' to enable JTA platform integration)
2024-06-18T13:21:44.051+02:00  INFO 39536 --- [    Test worker] j.LocalContainerEntityManagerFactoryBean : Initialized JPA EntityManagerFactory for persistence unit 'default'
2024-06-18T13:21:44.456+02:00  WARN 39536 --- [    Test worker] .s.s.UserDetailsServiceAutoConfiguration : 

Using generated security password: a0307c66-d6de-4c70-9563-6d97ba1e38cf

This generated password is for development use only. Your security configuration must be updated before running your application in production.

2024-06-18T13:21:44.968+02:00  INFO 39536 --- [    Test worker] o.s.s.web.DefaultSecurityFilterChain     : Will secure any request with [org.springframework.security.web.session.DisableEncodeUrlFilter@1058c263, org.springframework.security.web.context.request.async.WebAsyncManagerIntegrationFilter@4ecc1f04, org.springframework.security.web.context.SecurityContextHolderFilter@6bed511d, org.springframework.security.web.header.HeaderWriterFilter@6e3e5ce0, org.springframework.web.filter.CorsFilter@4f2fb060, org.springframework.security.web.authentication.logout.LogoutFilter@1f613700, belote.ex.config.security.auth.AuthenticationRequestFilter@20dbc79f, org.springframework.security.web.savedrequest.RequestCacheAwareFilter@2f7bb11d, org.springframework.security.web.servletapi.SecurityContextHolderAwareRequestFilter@7f9c30b2, org.springframework.security.web.authentication.AnonymousAuthenticationFilter@6352ac78, org.springframework.security.web.session.SessionManagementFilter@70ca8948, org.springframework.security.web.access.ExceptionTranslationFilter@50eaecc8, org.springframework.security.web.access.intercept.AuthorizationFilter@29051ce9]
2024-06-18T13:21:45.572+02:00  INFO 39536 --- [    Test worker] o.s.b.t.m.w.SpringBootMockServletContext : Initializing Spring TestDispatcherServlet ''
2024-06-18T13:21:45.573+02:00  INFO 39536 --- [    Test worker] o.s.t.web.servlet.TestDispatcherServlet  : Initializing Servlet ''
2024-06-18T13:21:45.574+02:00  INFO 39536 --- [    Test worker] o.s.t.web.servlet.TestDispatcherServlet  : Completed initialization in 1 ms
2024-06-18T13:21:45.584+02:00  INFO 39536 --- [    Test worker] o.s.m.s.b.SimpleBrokerMessageHandler     : Starting...
2024-06-18T13:21:45.587+02:00  INFO 39536 --- [    Test worker] o.s.m.s.b.SimpleBrokerMessageHandler     : BrokerAvailabilityEvent[available=true, SimpleBrokerMessageHandler [org.springframework.messaging.simp.broker.DefaultSubscriptionRegistry@216576a8]]
2024-06-18T13:21:45.588+02:00  INFO 39536 --- [    Test worker] o.s.m.s.b.SimpleBrokerMessageHandler     : Started.
2024-06-18T13:21:45.595+02:00  INFO 39536 --- [    Test worker] b.ex.controller.UsersControllerTest      : Started UsersControllerTest in 3.277 seconds (process running for 20.04)
]]></system-out>
  <system-err><![CDATA[]]></system-err>
</testsuite>
